This is pdfTeX, Version 3.141592653-2.6-1.40.26 (TeX Live 2024) (preloaded format=pdflatex 2024.12.30)  19 APR 2026 12:39
entering extended mode
 restricted \write18 enabled.
 file:line:error style messages enabled.
 %&-line parsing enabled.
**c:/Users/pablo/Projects/youtube_suite/mem/example_TFM.tex
(c:/Users/pablo/Projects/youtube_suite/mem/example_TFM.tex
LaTeX2e <2024-11-01> patch level 1
L3 programming layer <2024-12-09>

! LaTeX Error: File `TFUOC.cls' not found.

Type X to quit or <RETURN> to proceed,
or enter new name. (Default extension: cls)

Enter file name: 
c:/Users/pablo/Projects/youtube_suite/mem/example_TFM.tex:2: Emergency stop.
<read *> 
         
l.2 ^^M
       
*** (cannot \read from terminal in nonstop modes)

 
Here is how much of TeX's memory you used:
 20 strings out of 475213
 552 string characters out of 5765452
 385881 words of memory out of 5000000
 23075 multiletter control sequences out of 15000+600000
 558069 words of font info for 36 fonts, out of 8000000 for 9000
 14 hyphenation exceptions out of 8191
 19i,0n,29p,115b,17s stack positions out of 10000i,1000n,20000p,200000b,200000s
c:/Users/pablo/Projects/youtube_suite/mem/example_TFM.tex:2:  ==> Fatal error occurred, no output PDF file produced!
